<?xml version="1.0" encoding="UTF-8"?>
<testsuite xmlns:xsi="http://www.w3.org/2001/XMLSchema-instance" xsi:noNamespaceSchemaLocation="https://maven.apache.org/surefire/maven-surefire-plugin/xsd/surefire-test-report.xsd" name="hello.ApplicationMockMvcTests" time="4.453" tests="5" errors="0" skipped="0" failures="1">
  <properties>
    <property name="java.specification.version" value="13"/>
    <property name="sun.cpu.isalist" value="amd64"/>
    <property name="sun.jnu.encoding" value="Cp1252"/>
    <property name="java.class.path" value="C:\Users\MatthiasKeisse\IdeaProjects\gs-validating-form-input\complete\target\test-classes;C:\Users\MatthiasKeisse\IdeaProjects\gs-validating-form-input\complete\target\classes;C:\Users\MatthiasKeisse\.m2\repository\org\springframework\boot\spring-boot-starter-thymeleaf\2.2.1.RELEASE\spring-boot-starter-thymeleaf-2.2.1.RELEASE.jar;C:\Users\MatthiasKeisse\.m2\repository\org\springframework\boot\spring-boot-starter\2.2.1.RELEASE\spring-boot-starter-2.2.1.RELEASE.jar;C:\Users\MatthiasKeisse\.m2\repository\org\springframework\boot\spring-boot\2.2.1.RELEASE\spring-boot-2.2.1.RELEASE.jar;C:\Users\MatthiasKeisse\.m2\repository\org\springframework\boot\spring-boot-autoconfigure\2.2.1.RELEASE\spring-boot-autoconfigure-2.2.1.RELEASE.jar;C:\Users\MatthiasKeisse\.m2\repository\org\springframework\boot\spring-boot-starter-logging\2.2.1.RELEASE\spring-boot-starter-logging-2.2.1.RELEASE.jar;C:\Users\MatthiasKeisse\.m2\repository\ch\qos\logback\logback-classic\1.2.3\logback-classic-1.2.3.jar;C:\Users\MatthiasKeisse\.m2\repository\ch\qos\logback\logback-core\1.2.3\logback-core-1.2.3.jar;C:\Users\MatthiasKeisse\.m2\repository\org\apache\logging\log4j\log4j-to-slf4j\2.12.1\log4j-to-slf4j-2.12.1.jar;C:\Users\MatthiasKeisse\.m2\repository\org\apache\logging\log4j\log4j-api\2.12.1\log4j-api-2.12.1.jar;C:\Users\MatthiasKeisse\.m2\repository\org\slf4j\jul-to-slf4j\1.7.29\jul-to-slf4j-1.7.29.jar;C:\Users\MatthiasKeisse\.m2\repository\jakarta\annotation\jakarta.annotation-api\1.3.5\jakarta.annotation-api-1.3.5.jar;C:\Users\MatthiasKeisse\.m2\repository\org\yaml\snakeyaml\1.25\snakeyaml-1.25.jar;C:\Users\MatthiasKeisse\.m2\repository\org\thymeleaf\thymeleaf-spring5\3.0.11.RELEASE\thymeleaf-spring5-3.0.11.RELEASE.jar;C:\Users\MatthiasKeisse\.m2\repository\org\thymeleaf\thymeleaf\3.0.11.RELEASE\thymeleaf-3.0.11.RELEASE.jar;C:\Users\MatthiasKeisse\.m2\repository\org\attoparser\attoparser\2.0.5.RELEASE\attoparser-2.0.5.RELEASE.jar;C:\Users\MatthiasKeisse\.m2\repository\org\unbescape\unbescape\1.1.6.RELEASE\unbescape-1.1.6.RELEASE.jar;C:\Users\MatthiasKeisse\.m2\repository\org\thymeleaf\extras\thymeleaf-extras-java8time\3.0.4.RELEASE\thymeleaf-extras-java8time-3.0.4.RELEASE.jar;C:\Users\MatthiasKeisse\.m2\repository\org\springframework\boot\spring-boot-starter-web\2.2.1.RELEASE\spring-boot-starter-web-2.2.1.RELEASE.jar;C:\Users\MatthiasKeisse\.m2\repository\org\springframework\boot\spring-boot-starter-json\2.2.1.RELEASE\spring-boot-starter-json-2.2.1.RELEASE.jar;C:\Users\MatthiasKeisse\.m2\repository\com\fasterxml\jackson\core\jackson-databind\2.10.0\jackson-databind-2.10.0.jar;C:\Users\MatthiasKeisse\.m2\repository\com\fasterxml\jackson\core\jackson-annotations\2.10.0\jackson-annotations-2.10.0.jar;C:\Users\MatthiasKeisse\.m2\repository\com\fasterxml\jackson\core\jackson-core\2.10.0\jackson-core-2.10.0.jar;C:\Users\MatthiasKeisse\.m2\repository\com\fasterxml\jackson\datatype\jackson-datatype-jdk8\2.10.0\jackson-datatype-jdk8-2.10.0.jar;C:\Users\MatthiasKeisse\.m2\repository\com\fasterxml\jackson\datatype\jackson-datatype-jsr310\2.10.0\jackson-datatype-jsr310-2.10.0.jar;C:\Users\MatthiasKeisse\.m2\repository\com\fasterxml\jackson\module\jackson-module-parameter-names\2.10.0\jackson-module-parameter-names-2.10.0.jar;C:\Users\MatthiasKeisse\.m2\repository\org\springframework\boot\spring-boot-starter-tomcat\2.2.1.RELEASE\spring-boot-starter-tomcat-2.2.1.RELEASE.jar;C:\Users\MatthiasKeisse\.m2\repository\org\apache\tomcat\embed\tomcat-embed-core\9.0.27\tomcat-embed-core-9.0.27.jar;C:\Users\MatthiasKeisse\.m2\repository\org\apache\tomcat\embed\tomcat-embed-websocket\9.0.27\tomcat-embed-websocket-9.0.27.jar;C:\Users\MatthiasKeisse\.m2\repository\org\springframework\boot\spring-boot-starter-validation\2.2.1.RELEASE\spring-boot-starter-validation-2.2.1.RELEASE.jar;C:\Users\MatthiasKeisse\.m2\repository\jakarta\validation\jakarta.validation-api\2.0.1\jakarta.validation-api-2.0.1.jar;C:\Users\MatthiasKeisse\.m2\repository\org\springframework\spring-web\5.2.1.RELEASE\spring-web-5.2.1.RELEASE.jar;C:\Users\MatthiasKeisse\.m2\repository\org\springframework\spring-beans\5.2.1.RELEASE\spring-beans-5.2.1.RELEASE.jar;C:\Users\MatthiasKeisse\.m2\repository\org\springframework\spring-webmvc\5.2.1.RELEASE\spring-webmvc-5.2.1.RELEASE.jar;C:\Users\MatthiasKeisse\.m2\repository\org\springframework\spring-aop\5.2.1.RELEASE\spring-aop-5.2.1.RELEASE.jar;C:\Users\MatthiasKeisse\.m2\repository\org\springframework\spring-context\5.2.1.RELEASE\spring-context-5.2.1.RELEASE.jar;C:\Users\MatthiasKeisse\.m2\repository\org\springframework\spring-expression\5.2.1.RELEASE\spring-expression-5.2.1.RELEASE.jar;C:\Users\MatthiasKeisse\.m2\repository\org\hibernate\validator\hibernate-validator\6.0.18.Final\hibernate-validator-6.0.18.Final.jar;C:\Users\MatthiasKeisse\.m2\repository\javax\validation\validation-api\2.0.1.Final\validation-api-2.0.1.Final.jar;C:\Users\MatthiasKeisse\.m2\repository\org\jboss\logging\jboss-logging\3.4.1.Final\jboss-logging-3.4.1.Final.jar;C:\Users\MatthiasKeisse\.m2\repository\com\fasterxml\classmate\1.5.1\classmate-1.5.1.jar;C:\Users\MatthiasKeisse\.m2\repository\org\apache\tomcat\embed\tomcat-embed-el\9.0.27\tomcat-embed-el-9.0.27.jar;C:\Users\MatthiasKeisse\.m2\repository\org\springframework\boot\spring-boot-starter-test\2.2.1.RELEASE\spring-boot-starter-test-2.2.1.RELEASE.jar;C:\Users\MatthiasKeisse\.m2\repository\org\springframework\boot\spring-boot-test\2.2.1.RELEASE\spring-boot-test-2.2.1.RELEASE.jar;C:\Users\MatthiasKeisse\.m2\repository\org\springframework\boot\spring-boot-test-autoconfigure\2.2.1.RELEASE\spring-boot-test-autoconfigure-2.2.1.RELEASE.jar;C:\Users\MatthiasKeisse\.m2\repository\com\jayway\jsonpath\json-path\2.4.0\json-path-2.4.0.jar;C:\Users\MatthiasKeisse\.m2\repository\net\minidev\json-smart\2.3\json-smart-2.3.jar;C:\Users\MatthiasKeisse\.m2\repository\net\minidev\accessors-smart\1.2\accessors-smart-1.2.jar;C:\Users\MatthiasKeisse\.m2\repository\org\ow2\asm\asm\5.0.4\asm-5.0.4.jar;C:\Users\MatthiasKeisse\.m2\repository\jakarta\xml\bind\jakarta.xml.bind-api\2.3.2\jakarta.xml.bind-api-2.3.2.jar;C:\Users\MatthiasKeisse\.m2\repository\jakarta\activation\jakarta.activation-api\1.2.1\jakarta.activation-api-1.2.1.jar;C:\Users\MatthiasKeisse\.m2\repository\org\junit\jupiter\junit-jupiter\5.5.2\junit-jupiter-5.5.2.jar;C:\Users\MatthiasKeisse\.m2\repository\org\junit\jupiter\junit-jupiter-api\5.5.2\junit-jupiter-api-5.5.2.jar;C:\Users\MatthiasKeisse\.m2\repository\org\opentest4j\opentest4j\1.2.0\opentest4j-1.2.0.jar;C:\Users\MatthiasKeisse\.m2\repository\org\junit\platform\junit-platform-commons\1.5.2\junit-platform-commons-1.5.2.jar;C:\Users\MatthiasKeisse\.m2\repository\org\junit\jupiter\junit-jupiter-params\5.5.2\junit-jupiter-params-5.5.2.jar;C:\Users\MatthiasKeisse\.m2\repository\org\junit\jupiter\junit-jupiter-engine\5.5.2\junit-jupiter-engine-5.5.2.jar;C:\Users\MatthiasKeisse\.m2\repository\org\junit\vintage\junit-vintage-engine\5.5.2\junit-vintage-engine-5.5.2.jar;C:\Users\MatthiasKeisse\.m2\repository\org\apiguardian\apiguardian-api\1.1.0\apiguardian-api-1.1.0.jar;C:\Users\MatthiasKeisse\.m2\repository\org\junit\platform\junit-platform-engine\1.5.2\junit-platform-engine-1.5.2.jar;C:\Users\MatthiasKeisse\.m2\repository\junit\junit\4.12\junit-4.12.jar;C:\Users\MatthiasKeisse\.m2\repository\org\mockito\mockito-junit-jupiter\3.1.0\mockito-junit-jupiter-3.1.0.jar;C:\Users\MatthiasKeisse\.m2\repository\org\assertj\assertj-core\3.13.2\assertj-core-3.13.2.jar;C:\Users\MatthiasKeisse\.m2\repository\org\hamcrest\hamcrest\2.1\hamcrest-2.1.jar;C:\Users\MatthiasKeisse\.m2\repository\org\mockito\mockito-core\3.1.0\mockito-core-3.1.0.jar;C:\Users\MatthiasKeisse\.m2\repository\net\bytebuddy\byte-buddy\1.10.2\byte-buddy-1.10.2.jar;C:\Users\MatthiasKeisse\.m2\repository\net\bytebuddy\byte-buddy-agent\1.10.2\byte-buddy-agent-1.10.2.jar;C:\Users\MatthiasKeisse\.m2\repository\org\objenesis\objenesis\2.6\objenesis-2.6.jar;C:\Users\MatthiasKeisse\.m2\repository\org\skyscreamer\jsonassert\1.5.0\jsonassert-1.5.0.jar;C:\Users\MatthiasKeisse\.m2\repository\com\vaadin\external\google\android-json\0.0.20131108.vaadin1\android-json-0.0.20131108.vaadin1.jar;C:\Users\MatthiasKeisse\.m2\repository\org\springframework\spring-core\5.2.1.RELEASE\spring-core-5.2.1.RELEASE.jar;C:\Users\MatthiasKeisse\.m2\repository\org\springframework\spring-jcl\5.2.1.RELEASE\spring-jcl-5.2.1.RELEASE.jar;C:\Users\MatthiasKeisse\.m2\repository\org\springframework\spring-test\5.2.1.RELEASE\spring-test-5.2.1.RELEASE.jar;C:\Users\MatthiasKeisse\.m2\repository\org\xmlunit\xmlunit-core\2.6.3\xmlunit-core-2.6.3.jar;C:\Users\MatthiasKeisse\.m2\repository\com\itextpdf\kernel\7.1.8\kernel-7.1.8.jar;C:\Users\MatthiasKeisse\.m2\repository\org\slf4j\slf4j-api\1.7.29\slf4j-api-1.7.29.jar;C:\Users\MatthiasKeisse\.m2\repository\com\itextpdf\io\7.1.8\io-7.1.8.jar;C:\Users\MatthiasKeisse\.m2\repository\com\itextpdf\layout\7.1.8\layout-7.1.8.jar;C:\Users\MatthiasKeisse\.m2\repository\com\itextpdf\forms\7.1.8\forms-7.1.8.jar;C:\Users\MatthiasKeisse\.m2\repository\com\itextpdf\sign\7.1.8\sign-7.1.8.jar;C:\Users\MatthiasKeisse\.m2\repository\com\itextpdf\pdfa\7.1.8\pdfa-7.1.8.jar;C:\Users\MatthiasKeisse\.m2\repository\org\bouncycastle\bcprov-jdk15on\1.64\bcprov-jdk15on-1.64.jar;"/>
    <property name="java.vm.vendor" value="Oracle Corporation"/>
    <property name="sun.arch.data.model" value="64"/>
    <property name="user.variant" value=""/>
    <property name="java.vendor.url" value="https://java.oracle.com/"/>
    <property name="user.timezone" value="Europe/Brussels"/>
    <property name="user.country.format" value="BE"/>
    <property name="os.name" value="Windows 10"/>
    <property name="java.vm.specification.version" value="13"/>
    <property name="sun.java.launcher" value="SUN_STANDARD"/>
    <property name="user.country" value="US"/>
    <property name="sun.boot.library.path" value="C:\Program Files\Java\jdk-13.0.1\bin"/>
    <property name="sun.java.command" value="C:\Users\MATTHI~1\AppData\Local\Temp\surefire15493817705517206286\surefirebooter7942710457737327848.jar C:\Users\MatthiasKeisse\AppData\Local\Temp\surefire15493817705517206286 2020-01-07T10-00-49_533-jvmRun1 surefire1744963400166760801tmp surefire_08030110761159925875tmp"/>
    <property name="jdk.debug" value="release"/>
    <property name="surefire.test.class.path" value="C:\Users\MatthiasKeisse\IdeaProjects\gs-validating-form-input\complete\target\test-classes;C:\Users\MatthiasKeisse\IdeaProjects\gs-validating-form-input\complete\target\classes;C:\Users\MatthiasKeisse\.m2\repository\org\springframework\boot\spring-boot-starter-thymeleaf\2.2.1.RELEASE\spring-boot-starter-thymeleaf-2.2.1.RELEASE.jar;C:\Users\MatthiasKeisse\.m2\repository\org\springframework\boot\spring-boot-starter\2.2.1.RELEASE\spring-boot-starter-2.2.1.RELEASE.jar;C:\Users\MatthiasKeisse\.m2\repository\org\springframework\boot\spring-boot\2.2.1.RELEASE\spring-boot-2.2.1.RELEASE.jar;C:\Users\MatthiasKeisse\.m2\repository\org\springframework\boot\spring-boot-autoconfigure\2.2.1.RELEASE\spring-boot-autoconfigure-2.2.1.RELEASE.jar;C:\Users\MatthiasKeisse\.m2\repository\org\springframework\boot\spring-boot-starter-logging\2.2.1.RELEASE\spring-boot-starter-logging-2.2.1.RELEASE.jar;C:\Users\MatthiasKeisse\.m2\repository\ch\qos\logback\logback-classic\1.2.3\logback-classic-1.2.3.jar;C:\Users\MatthiasKeisse\.m2\repository\ch\qos\logback\logback-core\1.2.3\logback-core-1.2.3.jar;C:\Users\MatthiasKeisse\.m2\repository\org\apache\logging\log4j\log4j-to-slf4j\2.12.1\log4j-to-slf4j-2.12.1.jar;C:\Users\MatthiasKeisse\.m2\repository\org\apache\logging\log4j\log4j-api\2.12.1\log4j-api-2.12.1.jar;C:\Users\MatthiasKeisse\.m2\repository\org\slf4j\jul-to-slf4j\1.7.29\jul-to-slf4j-1.7.29.jar;C:\Users\MatthiasKeisse\.m2\repository\jakarta\annotation\jakarta.annotation-api\1.3.5\jakarta.annotation-api-1.3.5.jar;C:\Users\MatthiasKeisse\.m2\repository\org\yaml\snakeyaml\1.25\snakeyaml-1.25.jar;C:\Users\MatthiasKeisse\.m2\repository\org\thymeleaf\thymeleaf-spring5\3.0.11.RELEASE\thymeleaf-spring5-3.0.11.RELEASE.jar;C:\Users\MatthiasKeisse\.m2\repository\org\thymeleaf\thymeleaf\3.0.11.RELEASE\thymeleaf-3.0.11.RELEASE.jar;C:\Users\MatthiasKeisse\.m2\repository\org\attoparser\attoparser\2.0.5.RELEASE\attoparser-2.0.5.RELEASE.jar;C:\Users\MatthiasKeisse\.m2\repository\org\unbescape\unbescape\1.1.6.RELEASE\unbescape-1.1.6.RELEASE.jar;C:\Users\MatthiasKeisse\.m2\repository\org\thymeleaf\extras\thymeleaf-extras-java8time\3.0.4.RELEASE\thymeleaf-extras-java8time-3.0.4.RELEASE.jar;C:\Users\MatthiasKeisse\.m2\repository\org\springframework\boot\spring-boot-starter-web\2.2.1.RELEASE\spring-boot-starter-web-2.2.1.RELEASE.jar;C:\Users\MatthiasKeisse\.m2\repository\org\springframework\boot\spring-boot-starter-json\2.2.1.RELEASE\spring-boot-starter-json-2.2.1.RELEASE.jar;C:\Users\MatthiasKeisse\.m2\repository\com\fasterxml\jackson\core\jackson-databind\2.10.0\jackson-databind-2.10.0.jar;C:\Users\MatthiasKeisse\.m2\repository\com\fasterxml\jackson\core\jackson-annotations\2.10.0\jackson-annotations-2.10.0.jar;C:\Users\MatthiasKeisse\.m2\repository\com\fasterxml\jackson\core\jackson-core\2.10.0\jackson-core-2.10.0.jar;C:\Users\MatthiasKeisse\.m2\repository\com\fasterxml\jackson\datatype\jackson-datatype-jdk8\2.10.0\jackson-datatype-jdk8-2.10.0.jar;C:\Users\MatthiasKeisse\.m2\repository\com\fasterxml\jackson\datatype\jackson-datatype-jsr310\2.10.0\jackson-datatype-jsr310-2.10.0.jar;C:\Users\MatthiasKeisse\.m2\repository\com\fasterxml\jackson\module\jackson-module-parameter-names\2.10.0\jackson-module-parameter-names-2.10.0.jar;C:\Users\MatthiasKeisse\.m2\repository\org\springframework\boot\spring-boot-starter-tomcat\2.2.1.RELEASE\spring-boot-starter-tomcat-2.2.1.RELEASE.jar;C:\Users\MatthiasKeisse\.m2\repository\org\apache\tomcat\embed\tomcat-embed-core\9.0.27\tomcat-embed-core-9.0.27.jar;C:\Users\MatthiasKeisse\.m2\repository\org\apache\tomcat\embed\tomcat-embed-websocket\9.0.27\tomcat-embed-websocket-9.0.27.jar;C:\Users\MatthiasKeisse\.m2\repository\org\springframework\boot\spring-boot-starter-validation\2.2.1.RELEASE\spring-boot-starter-validation-2.2.1.RELEASE.jar;C:\Users\MatthiasKeisse\.m2\repository\jakarta\validation\jakarta.validation-api\2.0.1\jakarta.validation-api-2.0.1.jar;C:\Users\MatthiasKeisse\.m2\repository\org\springframework\spring-web\5.2.1.RELEASE\spring-web-5.2.1.RELEASE.jar;C:\Users\MatthiasKeisse\.m2\repository\org\springframework\spring-beans\5.2.1.RELEASE\spring-beans-5.2.1.RELEASE.jar;C:\Users\MatthiasKeisse\.m2\repository\org\springframework\spring-webmvc\5.2.1.RELEASE\spring-webmvc-5.2.1.RELEASE.jar;C:\Users\MatthiasKeisse\.m2\repository\org\springframework\spring-aop\5.2.1.RELEASE\spring-aop-5.2.1.RELEASE.jar;C:\Users\MatthiasKeisse\.m2\repository\org\springframework\spring-context\5.2.1.RELEASE\spring-context-5.2.1.RELEASE.jar;C:\Users\MatthiasKeisse\.m2\repository\org\springframework\spring-expression\5.2.1.RELEASE\spring-expression-5.2.1.RELEASE.jar;C:\Users\MatthiasKeisse\.m2\repository\org\hibernate\validator\hibernate-validator\6.0.18.Final\hibernate-validator-6.0.18.Final.jar;C:\Users\MatthiasKeisse\.m2\repository\javax\validation\validation-api\2.0.1.Final\validation-api-2.0.1.Final.jar;C:\Users\MatthiasKeisse\.m2\repository\org\jboss\logging\jboss-logging\3.4.1.Final\jboss-logging-3.4.1.Final.jar;C:\Users\MatthiasKeisse\.m2\repository\com\fasterxml\classmate\1.5.1\classmate-1.5.1.jar;C:\Users\MatthiasKeisse\.m2\repository\org\apache\tomcat\embed\tomcat-embed-el\9.0.27\tomcat-embed-el-9.0.27.jar;C:\Users\MatthiasKeisse\.m2\repository\org\springframework\boot\spring-boot-starter-test\2.2.1.RELEASE\spring-boot-starter-test-2.2.1.RELEASE.jar;C:\Users\MatthiasKeisse\.m2\repository\org\springframework\boot\spring-boot-test\2.2.1.RELEASE\spring-boot-test-2.2.1.RELEASE.jar;C:\Users\MatthiasKeisse\.m2\repository\org\springframework\boot\spring-boot-test-autoconfigure\2.2.1.RELEASE\spring-boot-test-autoconfigure-2.2.1.RELEASE.jar;C:\Users\MatthiasKeisse\.m2\repository\com\jayway\jsonpath\json-path\2.4.0\json-path-2.4.0.jar;C:\Users\MatthiasKeisse\.m2\repository\net\minidev\json-smart\2.3\json-smart-2.3.jar;C:\Users\MatthiasKeisse\.m2\repository\net\minidev\accessors-smart\1.2\accessors-smart-1.2.jar;C:\Users\MatthiasKeisse\.m2\repository\org\ow2\asm\asm\5.0.4\asm-5.0.4.jar;C:\Users\MatthiasKeisse\.m2\repository\jakarta\xml\bind\jakarta.xml.bind-api\2.3.2\jakarta.xml.bind-api-2.3.2.jar;C:\Users\MatthiasKeisse\.m2\repository\jakarta\activation\jakarta.activation-api\1.2.1\jakarta.activation-api-1.2.1.jar;C:\Users\MatthiasKeisse\.m2\repository\org\junit\jupiter\junit-jupiter\5.5.2\junit-jupiter-5.5.2.jar;C:\Users\MatthiasKeisse\.m2\repository\org\junit\jupiter\junit-jupiter-api\5.5.2\junit-jupiter-api-5.5.2.jar;C:\Users\MatthiasKeisse\.m2\repository\org\opentest4j\opentest4j\1.2.0\opentest4j-1.2.0.jar;C:\Users\MatthiasKeisse\.m2\repository\org\junit\platform\junit-platform-commons\1.5.2\junit-platform-commons-1.5.2.jar;C:\Users\MatthiasKeisse\.m2\repository\org\junit\jupiter\junit-jupiter-params\5.5.2\junit-jupiter-params-5.5.2.jar;C:\Users\MatthiasKeisse\.m2\repository\org\junit\jupiter\junit-jupiter-engine\5.5.2\junit-jupiter-engine-5.5.2.jar;C:\Users\MatthiasKeisse\.m2\repository\org\junit\vintage\junit-vintage-engine\5.5.2\junit-vintage-engine-5.5.2.jar;C:\Users\MatthiasKeisse\.m2\repository\org\apiguardian\apiguardian-api\1.1.0\apiguardian-api-1.1.0.jar;C:\Users\MatthiasKeisse\.m2\repository\org\junit\platform\junit-platform-engine\1.5.2\junit-platform-engine-1.5.2.jar;C:\Users\MatthiasKeisse\.m2\repository\junit\junit\4.12\junit-4.12.jar;C:\Users\MatthiasKeisse\.m2\repository\org\mockito\mockito-junit-jupiter\3.1.0\mockito-junit-jupiter-3.1.0.jar;C:\Users\MatthiasKeisse\.m2\repository\org\assertj\assertj-core\3.13.2\assertj-core-3.13.2.jar;C:\Users\MatthiasKeisse\.m2\repository\org\hamcrest\hamcrest\2.1\hamcrest-2.1.jar;C:\Users\MatthiasKeisse\.m2\repository\org\mockito\mockito-core\3.1.0\mockito-core-3.1.0.jar;C:\Users\MatthiasKeisse\.m2\repository\net\bytebuddy\byte-buddy\1.10.2\byte-buddy-1.10.2.jar;C:\Users\MatthiasKeisse\.m2\repository\net\bytebuddy\byte-buddy-agent\1.10.2\byte-buddy-agent-1.10.2.jar;C:\Users\MatthiasKeisse\.m2\repository\org\objenesis\objenesis\2.6\objenesis-2.6.jar;C:\Users\MatthiasKeisse\.m2\repository\org\skyscreamer\jsonassert\1.5.0\jsonassert-1.5.0.jar;C:\Users\MatthiasKeisse\.m2\repository\com\vaadin\external\google\android-json\0.0.20131108.vaadin1\android-json-0.0.20131108.vaadin1.jar;C:\Users\MatthiasKeisse\.m2\repository\org\springframework\spring-core\5.2.1.RELEASE\spring-core-5.2.1.RELEASE.jar;C:\Users\MatthiasKeisse\.m2\repository\org\springframework\spring-jcl\5.2.1.RELEASE\spring-jcl-5.2.1.RELEASE.jar;C:\Users\MatthiasKeisse\.m2\repository\org\springframework\spring-test\5.2.1.RELEASE\spring-test-5.2.1.RELEASE.jar;C:\Users\MatthiasKeisse\.m2\repository\org\xmlunit\xmlunit-core\2.6.3\xmlunit-core-2.6.3.jar;C:\Users\MatthiasKeisse\.m2\repository\com\itextpdf\kernel\7.1.8\kernel-7.1.8.jar;C:\Users\MatthiasKeisse\.m2\repository\org\slf4j\slf4j-api\1.7.29\slf4j-api-1.7.29.jar;C:\Users\MatthiasKeisse\.m2\repository\com\itextpdf\io\7.1.8\io-7.1.8.jar;C:\Users\MatthiasKeisse\.m2\repository\com\itextpdf\layout\7.1.8\layout-7.1.8.jar;C:\Users\MatthiasKeisse\.m2\repository\com\itextpdf\forms\7.1.8\forms-7.1.8.jar;C:\Users\MatthiasKeisse\.m2\repository\com\itextpdf\sign\7.1.8\sign-7.1.8.jar;C:\Users\MatthiasKeisse\.m2\repository\com\itextpdf\pdfa\7.1.8\pdfa-7.1.8.jar;C:\Users\MatthiasKeisse\.m2\repository\org\bouncycastle\bcprov-jdk15on\1.64\bcprov-jdk15on-1.64.jar;"/>
    <property name="sun.cpu.endian" value="little"/>
    <property name="user.home" value="C:\Users\MatthiasKeisse"/>
    <property name="user.language" value="en"/>
    <property name="java.specification.vendor" value="Oracle Corporation"/>
    <property name="java.version.date" value="2019-10-15"/>
    <property name="java.home" value="C:\Program Files\Java\jdk-13.0.1"/>
    <property name="file.separator" value="\"/>
    <property name="basedir" value="C:\Users\MatthiasKeisse\IdeaProjects\gs-validating-form-input\complete"/>
    <property name="java.vm.compressedOopsMode" value="Zero based"/>
    <property name="line.separator" value="&#10;"/>
    <property name="idea.version2019.2.3" value="true"/>
    <property name="java.vm.specification.vendor" value="Oracle Corporation"/>
    <property name="java.specification.name" value="Java Platform API Specification"/>
    <property name="surefire.real.class.path" value="C:\Users\MATTHI~1\AppData\Local\Temp\surefire15493817705517206286\surefirebooter7942710457737327848.jar"/>
    <property name="user.script" value=""/>
    <property name="sun.management.compiler" value="HotSpot 64-Bit Tiered Compilers"/>
    <property name="java.runtime.version" value="13.0.1+9"/>
    <property name="user.name" value="MatthiasKeisse"/>
    <property name="path.separator" value=";"/>
    <property name="os.version" value="10.0"/>
    <property name="java.runtime.name" value="Java(TM) SE Runtime Environment"/>
    <property name="file.encoding" value="Cp1252"/>
    <property name="java.vm.name" value="Java HotSpot(TM) 64-Bit Server VM"/>
    <property name="localRepository" value="C:\Users\MatthiasKeisse\.m2\repository"/>
    <property name="java.vendor.url.bug" value="https://bugreport.java.com/bugreport/"/>
    <property name="java.io.tmpdir" value="C:\Users\MATTHI~1\AppData\Local\Temp\"/>
    <property name="java.version" value="13.0.1"/>
    <property name="user.dir" value="C:\Users\MatthiasKeisse\IdeaProjects\gs-validating-form-input\complete"/>
    <property name="os.arch" value="amd64"/>
    <property name="java.vm.specification.name" value="Java Virtual Machine Specification"/>
    <property name="user.language.format" value="nl"/>
    <property name="sun.os.patch.level" value=""/>
    <property name="java.library.path" value="C:\Program Files\Java\jdk-13.0.1\bin;C:\Windows\Sun\Java\bin;C:\Windows\system32;C:\Windows;C:\Python27\;C:\Python27\Scripts;C:\Windows\system32;C:\Windows;C:\Windows\System32\Wbem;C:\Windows\System32\WindowsPowerShell\v1.0\;C:\Windows\System32\OpenSSH\;C:\Program Files\Git\cmd;C:\Program Files\Java\jdk-13.0.1\bin;C:\Program Files\dotnet\;C:\Program Files\Microsoft SQL Server\130\Tools\Binn\;C:\Program Files\Microsoft SQL Server\Client SDK\ODBC\170\Tools\Binn\;C:\mvn\bin;%OPENSSL_HOME%\bin;C:\Program Files\nodejs\;C:\ProgramData\chocolatey\bin;C:\Users\MatthiasKeisse\AppData\Local\Microsoft\WindowsApps;C:\texlive\2019\bin\win32;C:\Program Files\OpenSSL-Win64\bin;C:\Users\MatthiasKeisse\AppData\Roaming\npm;C:\Program Files\heroku\bin;C:\Users\MatthiasKeisse\.dotnet\tools;."/>
    <property name="java.vm.info" value="mixed mode, sharing"/>
    <property name="java.vendor" value="Oracle Corporation"/>
    <property name="java.vm.version" value="13.0.1+9"/>
    <property name="sun.io.unicode.encoding" value="UnicodeLittle"/>
    <property name="java.class.version" value="57.0"/>
  </properties>
  <testcase name="checkPersonInfoWhenNameTooShortThenFailure" classname="hello.ApplicationMockMvcTests" time="1.376"/>
  <testcase name="checkPersonInfoWhenValidRequestThenSuccess" classname="hello.ApplicationMockMvcTests" time="0.029">
    <failure message="Unexpected binding/validation errors: org.springframework.validation.BeanPropertyBindingResult: 5 errors&#10;Field error in object &apos;dataForm&apos; on field &apos;date&apos;: rejected value [null]; codes [NotNull.dataForm.date,NotNull.date,NotNull.java.time.LocalDate,NotNull]; arguments [org.springframework.context.support.DefaultMessageSourceResolvable: codes [dataForm.date,date]; arguments []; default message [date]]; default message [must not be null]&#10;Field error in object &apos;dataForm&apos; on field &apos;sigName&apos;: rejected value [null]; codes [NotNull.dataForm.sigName,NotNull.sigName,NotNull.java.lang.String,NotNull]; arguments [org.springframework.context.support.DefaultMessageSourceResolvable: codes [dataForm.sigName,sigName]; arguments []; default message [sigName]]; default message [must not be null]&#10;Field error in object &apos;dataForm&apos; on field &apos;wordCount&apos;: rejected value [null]; codes [NotNull.dataForm.wordCount,NotNull.wordCount,NotNull.java.lang.Integer,NotNull]; arguments [org.springframework.context.support.DefaultMessageSourceResolvable: codes [dataForm.wordCount,wordCount]; arguments []; default message [wordCount]]; default message [must not be null]&#10;Field error in object &apos;dataForm&apos; on field &apos;caseNumber&apos;: rejected value [null]; codes [NotNull.dataForm.caseNumber,NotNull.caseNumber,NotNull.java.lang.String,NotNull]; arguments [org.springframework.context.support.DefaultMessageSourceResolvable: codes [dataForm.caseNumber,caseNumber]; arguments []; default message [caseNumber]]; default message [must not be null]&#10;Field error in object &apos;dataForm&apos; on field &apos;briefCount&apos;: rejected value [null]; codes [NotNull.dataForm.briefCount,NotNull.briefCount,NotNull.java.lang.Integer,NotNull]; arguments [org.springframework.context.support.DefaultMessageSourceResolvable: codes [dataForm.briefCount,briefCount]; arguments []; default message [briefCount]]; default message [must not be null]" type="java.lang.AssertionError">java.lang.AssertionError: 
Unexpected binding/validation errors: org.springframework.validation.BeanPropertyBindingResult: 5 errors
Field error in object 'dataForm' on field 'date': rejected value [null]; codes [NotNull.dataForm.date,NotNull.date,NotNull.java.time.LocalDate,NotNull]; arguments [org.springframework.context.support.DefaultMessageSourceResolvable: codes [dataForm.date,date]; arguments []; default message [date]]; default message [must not be null]
Field error in object 'dataForm' on field 'sigName': rejected value [null]; codes [NotNull.dataForm.sigName,NotNull.sigName,NotNull.java.lang.String,NotNull]; arguments [org.springframework.context.support.DefaultMessageSourceResolvable: codes [dataForm.sigName,sigName]; arguments []; default message [sigName]]; default message [must not be null]
Field error in object 'dataForm' on field 'wordCount': rejected value [null]; codes [NotNull.dataForm.wordCount,NotNull.wordCount,NotNull.java.lang.Integer,NotNull]; arguments [org.springframework.context.support.DefaultMessageSourceResolvable: codes [dataForm.wordCount,wordCount]; arguments []; default message [wordCount]]; default message [must not be null]
Field error in object 'dataForm' on field 'caseNumber': rejected value [null]; codes [NotNull.dataForm.caseNumber,NotNull.caseNumber,NotNull.java.lang.String,NotNull]; arguments [org.springframework.context.support.DefaultMessageSourceResolvable: codes [dataForm.caseNumber,caseNumber]; arguments []; default message [caseNumber]]; default message [must not be null]
Field error in object 'dataForm' on field 'briefCount': rejected value [null]; codes [NotNull.dataForm.briefCount,NotNull.briefCount,NotNull.java.lang.Integer,NotNull]; arguments [org.springframework.context.support.DefaultMessageSourceResolvable: codes [dataForm.briefCount,briefCount]; arguments []; default message [briefCount]]; default message [must not be null]
	at hello.ApplicationMockMvcTests.checkPersonInfoWhenValidRequestThenSuccess(ApplicationMockMvcTests.java:83)
</failure>
    <system-out><![CDATA[
MockHttpServletRequest:
      HTTP Method = POST
      Request URI = /
       Parameters = {name=[Rob], age=[20]}
          Headers = []
             Body = null
    Session Attrs = {}

Handler:
             Type = hello.WebController
           Method = hello.WebController#checkFilledData(DataForm, BindingResult)

Async:
    Async started = false
     Async result = null

Resolved Exception:
             Type = null

ModelAndView:
        View name = data_template
             View = null
        Attribute = dataForm
            value = DataForm{caseNumber='null', wordCount=null, briefCount=null, sigName='null'}
           errors = [Field error in object 'dataForm' on field 'date': rejected value [null]; codes [NotNull.dataForm.date,NotNull.date,NotNull.java.time.LocalDate,NotNull]; arguments [org.springframework.context.support.DefaultMessageSourceResolvable: codes [dataForm.date,date]; arguments []; default message [date]]; default message [must not be null], Field error in object 'dataForm' on field 'sigName': rejected value [null]; codes [NotNull.dataForm.sigName,NotNull.sigName,NotNull.java.lang.String,NotNull]; arguments [org.springframework.context.support.DefaultMessageSourceResolvable: codes [dataForm.sigName,sigName]; arguments []; default message [sigName]]; default message [must not be null], Field error in object 'dataForm' on field 'wordCount': rejected value [null]; codes [NotNull.dataForm.wordCount,NotNull.wordCount,NotNull.java.lang.Integer,NotNull]; arguments [org.springframework.context.support.DefaultMessageSourceResolvable: codes [dataForm.wordCount,wordCount]; arguments []; default message [wordCount]]; default message [must not be null], Field error in object 'dataForm' on field 'caseNumber': rejected value [null]; codes [NotNull.dataForm.caseNumber,NotNull.caseNumber,NotNull.java.lang.String,NotNull]; arguments [org.springframework.context.support.DefaultMessageSourceResolvable: codes [dataForm.caseNumber,caseNumber]; arguments []; default message [caseNumber]]; default message [must not be null], Field error in object 'dataForm' on field 'briefCount': rejected value [null]; codes [NotNull.dataForm.briefCount,NotNull.briefCount,NotNull.java.lang.Integer,NotNull]; arguments [org.springframework.context.support.DefaultMessageSourceResolvable: codes [dataForm.briefCount,briefCount]; arguments []; default message [briefCount]]; default message [must not be null]]

FlashMap:
       Attributes = null

MockHttpServletResponse:
           Status = 200
    Error message = null
          Headers = [Content-Language:"en", Content-Type:"text/html;charset=UTF-8"]
     Content type = text/html;charset=UTF-8
             Body = <html>
    <body>
        <form action="/" method="post">
            <table>
                <tr>
                    <td>CaseNumber:</td>
                    <td><input type="text" id="caseNumber" name="caseNumber" value="" /></td>
                    <td>must not be null</td>
                </tr>
                <tr>
                    <td>WordCount:</td>
                    <td><input type="text" id="wordCount" name="wordCount" value="" /></td>
                    <td>must not be null</td>
                </tr>
                <tr>
                    <td>BriefCount:</td>
                    <td><input type="text" id="briefCount" name="briefCount" value="" /></td>
                    <td>must not be null</td>
                </tr>
                <tr>
                    <td>SignatureName:</td>
                    <td><input type="text" id="sigName" name="sigName" value="" /></td>
                    <td>must not be null</td>
                </tr>
                <tr>
                    <td>Date:</td>
                    <td><input type="date" id="date" name="date" value="" /></td>
                    <td>must not be null</td>
                </tr>
                <tr>
                    <td><button type="submit">Submit</button></td>
                </tr>
            </table>
        </form>
    </body>
</html>

    Forwarded URL = null
   Redirected URL = null
          Cookies = []
]]></system-out>
  </testcase>
  <testcase name="checkPersonInfoWhenAgeTooYoungThenFailure" classname="hello.ApplicationMockMvcTests" time="0.014"/>
  <testcase name="checkPersonInfoWhenAgeMissingThenFailure" classname="hello.ApplicationMockMvcTests" time="0.014"/>
  <testcase name="checkPersonInfoWhenNameMissingNameThenFailure" classname="hello.ApplicationMockMvcTests" time="0.012"/>
</testsuite>